Using default temp DH parameters
ACCEPT
SSL_accept:before SSL initialization
Received Record
Header:
  Version = TLS 1.0 (0x301)
  Content Type = Handshake (22)
  Length = 200
SSL_accept:before SSL initialization
    ClientHello, Length=196
      client_version=0x303 (TLS 1.2)
      Random:
        gmt_unix_time=0xB163EBC1
        random_bytes (len=28): FC7EEA606A0144D0D9588E067B55E2E7D73153C4EFAE67F0AFEAB57C
      session_id (len=0): 
      cipher_suites (len=8)
        {0x13, 0x02} TLS_AES_256_GCM_SHA384
        {0x13, 0x03} TLS_CHACHA20_POLY1305_SHA256
        {0x13, 0x01} TLS_AES_128_GCM_SHA256
        {0x00, 0xFF} TLS_EMPTY_RENEGOTIATION_INFO_SCSV
      compression_methods (len=1)
        No Compression (0x00)
      extensions, length = 147
        extension_type=server_name(0), length=14
          0000 - 00 0c 00 00 09 6c 6f 63-61 6c 68 6f 73 74      .....localhost
        extension_type=ec_point_formats(11), length=4
          uncompressed (0)
          ansiX962_compressed_prime (1)
          ansiX962_compressed_char2 (2)
        extension_type=supported_groups(10), length=12
          ecdh_x25519 (29)
          secp256r1 (P-256) (23)
          ecdh_x448 (30)
          secp521r1 (P-521) (25)
          secp384r1 (P-384) (24)
        extension_type=session_ticket(35), length=0
        extension_type=encrypt_then_mac(22), length=0
        extension_type=extended_master_secret(23), length=0
        extension_type=signature_algorithms(13), length=30
          ecdsa_secp256r1_sha256 (0x0403)
          ecdsa_secp384r1_sha384 (0x0503)
          ecdsa_secp521r1_sha512 (0x0603)
          ed25519 (0x0807)
          ed448 (0x0808)
          rsa_pss_pss_sha256 (0x0809)
          rsa_pss_pss_sha384 (0x080a)
          rsa_pss_pss_sha512 (0x080b)
          rsa_pss_rsae_sha256 (0x0804)
          rsa_pss_rsae_sha384 (0x0805)
          rsa_pss_rsae_sha512 (0x0806)
          rsa_pkcs1_sha256 (0x0401)
          rsa_pkcs1_sha384 (0x0501)
          rsa_pkcs1_sha512 (0x0601)
        extension_type=supported_versions(43), length=7
          TLS 1.3 (draft 28) (32540)
          TLS 1.3 (draft 27) (32539)
          TLS 1.3 (draft 26) (32538)
        extension_type=psk_key_exchange_modes(45), length=2
          psk_dhe_ke (1)
        extension_type=key_share(51), length=38
            NamedGroup: ecdh_x25519 (29)
            key_exchange:  (len=32): 902E9BDA57254E7FFB00E95AB5FDB5938CD90EFB8813D8DEE7C16A99DCC26664

SSL_accept:SSLv3/TLS read client hello
Sent Record
Header:
  Version = TLS 1.2 (0x303)
  Content Type = Handshake (22)
  Length = 90
    ServerHello, Length=86
      server_version=0x303 (TLS 1.2)
      Random:
        gmt_unix_time=0xF778E3F9
        random_bytes (len=28): C721CA93C26E1213D5CD752E4625493B5FFA0134ACAD43D1A4FA7CC8
      session_id (len=0): 
      cipher_suite {0x13, 0x02} TLS_AES_256_GCM_SHA384
      compression_method: No Compression (0x00)
      extensions, length = 46
        extension_type=supported_versions(43), length=2
            TLS 1.3 (draft 28) (32540)
        extension_type=key_share(51), length=36
            NamedGroup: ecdh_x25519 (29)
            key_exchange:  (len=32): 81619355FFACE1C2B998D453DF4BEE86483F88FBDC23B2C2D56089D81843064D

SSL_accept:SSLv3/TLS write server hello
Sent Record
Header:
  Version = TLS 1.2 (0x303)
  Content Type = ApplicationData (23)
  Length = 23
  Inner Content Type = Handshake (22)
    EncryptedExtensions, Length=2
      extensions, length = 0

SSL_accept:TLSv1.3 write encrypted extensions
Sent Record
Header:
  Version = TLS 1.2 (0x303)
  Content Type = ApplicationData (23)
  Length = 963
  Inner Content Type = Handshake (22)
    Certificate, Length=942
      context (len=0): 
      certificate_list, length=938
        ASN.1Cert, length=933
------details-----
Certificate:
    Data:
        Version: 3 (0x2)
        Serial Number:
            1f:41:69:a3:f4:a7:7a:05:e3:f5:4a:22:1e:ae:53:1b:09:35:40:cc
        Signature Algorithm: sha256WithRSAEncryption
        Issuer: CN = www.mydom.com, O = "My Dom, Inc.", C = US, ST = Oregon, L = Portland
        Validity
            Not Before: Jul 19 08:15:58 2018 GMT
            Not After : Jul 19 08:15:58 2019 GMT
        Subject: CN = www.mydom.com, O = "My Dom, Inc.", C = US, ST = Oregon, L = Portland
        Subject Public Key Info:
            Public Key Algorithm: rsaEncryption
                RSA Public-Key: (2048 bit)
                Modulus:
                    00:c1:e6:58:8f:c6:f2:6a:cc:56:5e:7c:05:98:30:
                    e7:09:cc:6a:94:8c:70:58:33:0b:88:95:59:b9:10:
                    83:55:26:30:92:1f:6a:35:02:a1:04:ca:0d:c5:a4:
                    fc:57:b6:ef:e1:bf:e5:6d:be:e4:2e:6f:de:d8:ba:
                    04:1c:69:bd:80:81:42:80:7d:60:68:a5:7c:15:9c:
                    39:f0:9c:da:77:0d:7f:71:3b:4e:17:45:d9:6b:f0:
                    7d:9a:0d:59:a9:65:f9:5a:ea:80:52:92:d8:c1:4e:
                    08:80:dc:32:00:e3:23:31:53:ce:3d:88:4b:ce:3c:
                    b6:09:e7:1b:b1:0e:1c:c5:3a:81:f7:d4:68:23:95:
                    e0:65:75:e7:f1:b2:9a:90:9b:0f:b7:fa:14:27:d6:
                    72:a2:4c:3d:97:64:6d:56:ce:56:f1:a2:ab:b7:4e:
                    b9:c8:61:fa:4f:c0:e2:e5:a5:20:71:c8:04:1b:0e:
                    d3:a8:e1:3e:6e:ba:08:0a:5f:8b:33:f9:49:ba:39:
                    d5:64:5c:3c:47:e1:90:f1:9d:98:1c:04:bc:f4:42:
                    fe:1c:03:85:5c:c7:d2:50:30:0c:80:0a:54:7a:e5:
                    87:1b:40:08:a6:9a:2f:b4:16:a6:93:21:cc:64:cc:
                    c4:71:fd:c1:c4:97:72:df:0b:21:f5:ba:33:77:c8:
                    04:83
                Exponent: 65537 (0x10001)
        X509v3 extensions:
            X509v3 Subject Key Identifier: 
                D2:5D:57:25:1C:EE:6B:C6:71:8D:24:72:A5:FD:A9:87:D4:76:53:35
            X509v3 Authority Key Identifier: 
                keyid:D2:5D:57:25:1C:EE:6B:C6:71:8D:24:72:A5:FD:A9:87:D4:76:53:35

            X509v3 Basic Constraints: critical
                CA:TRUE
    Signature Algorithm: sha256WithRSAEncryption
         a0:28:a4:16:b3:11:7d:eb:92:7a:81:42:20:ca:b1:68:77:34:
         12:38:6b:e7:58:2d:4a:50:77:23:e1:c9:ba:de:9d:e3:ed:11:
         29:da:c7:d6:ca:f8:82:fd:fc:24:84:3b:82:d0:70:ef:10:9f:
         e8:c6:bc:0d:e0:cb:c6:2a:0c:39:fe:af:29:27:d6:a8:e1:5d:
         d9:93:b3:6c:9c:98:ab:c1:8a:a5:8f:9d:bc:32:67:43:9e:75:
         15:8b:3d:81:93:a9:d5:2f:5f:b7:d1:32:70:62:1c:94:ee:d7:
         f7:fd:0b:2f:00:3c:9b:e8:45:96:1a:ef:bc:13:6c:c6:f3:11:
         88:77:f9:3c:97:e3:8b:a7:52:f9:8f:10:4c:67:e2:d1:f8:26:
         d6:65:09:11:f7:b4:09:dc:db:65:f2:2a:38:ba:bb:40:7e:72:
         99:a1:80:db:97:ac:b6:25:45:d0:31:9c:22:f9:d1:33:41:df:
         e8:62:6f:83:29:04:ec:29:16:e6:34:f1:6b:95:7f:a4:4d:e9:
         ec:f3:83:29:74:a5:ac:24:35:26:49:c5:c3:78:24:fd:35:19:
         2e:30:e2:5c:b9:f5:43:54:f9:da:6f:e8:89:6c:a8:6f:55:3c:
         a6:9c:99:8e:d1:77:9c:6f:1e:40:2f:54:ea:41:38:85:03:f0:
         a3:cf:94:67
-----BEGIN CERTIFICATE-----
MIIDoTCCAomgAwIBAgIUH0Fpo/SnegXj9UoiHq5TGwk1QMwwDQYJKoZIhvcNAQEL
BQAwYDEWMBQGA1UEAwwNd3d3Lm15ZG9tLmNvbTEVMBMGA1UECgwMTXkgRG9tLCBJ
bmMuMQswCQYDVQQGEwJVUzEPMA0GA1UECAwGT3JlZ29uMREwDwYDVQQHDAhQb3J0
bGFuZDAeFw0xODA3MTkwODE1NThaFw0xOTA3MTkwODE1NThaMGAxFjAUBgNVBAMM
DXd3dy5teWRvbS5jb20xFTATBgNVBAoMDE15IERvbSwgSW5jLjELMAkGA1UEBhMC
VVMxDzANBgNVBAgMBk9yZWdvbjERMA8GA1UEBwwIUG9ydGxhbmQwggEiMA0GCSqG
SIb3DQEBAQUAA4IBDwAwggEKAoIBAQDB5liPxvJqzFZefAWYMOcJzGqUjHBYMwuI
lVm5EINVJjCSH2o1AqEEyg3FpPxXtu/hv+VtvuQub97YugQcab2AgUKAfWBopXwV
nDnwnNp3DX9xO04XRdlr8H2aDVmpZfla6oBSktjBTgiA3DIA4yMxU849iEvOPLYJ
5xuxDhzFOoH31GgjleBldefxspqQmw+3+hQn1nKiTD2XZG1Wzlbxoqu3TrnIYfpP
wOLlpSBxyAQbDtOo4T5uuggKX4sz+Um6OdVkXDxH4ZDxnZgcBLz0Qv4cA4Vcx9JQ
MAyAClR65YcbQAimmi+0FqaTIcxkzMRx/cHEl3LfCyH1ujN3yASDAgMBAAGjUzBR
MB0GA1UdDgQWBBTSXVclHO5rxnGNJHKl/amH1HZTNTAfBgNVHSMEGDAWgBTSXVcl
HO5rxnGNJHKl/amH1HZTNTAPBgNVHRMBAf8EBTADAQH/MA0GCSqGSIb3DQEBCwUA
A4IBAQCgKKQWsxF965J6gUIgyrFodzQSOGvnWC1KUHcj4cm63p3j7REp2sfWyviC
/fwkhDuC0HDvEJ/oxrwN4MvGKgw5/q8pJ9ao4V3Zk7NsnJirwYqlj528MmdDnnUV
iz2Bk6nVL1+30TJwYhyU7tf3/QsvADyb6EWWGu+8E2zG8xGId/k8l+OLp1L5jxBM
Z+LR+CbWZQkR97QJ3Ntl8io4urtAfnKZoYDbl6y2JUXQMZwi+dEzQd/oYm+DKQTs
KRbmNPFrlX+kTens84MpdKWsJDUmScXDeCT9NRkuMOJcufVDVPnab+iJbKhvVTym
nJmO0Xecbx5AL1TqQTiFA/Cjz5Rn
-----END CERTIFICATE-----
------------------
        extensions, length = 0

SSL_accept:SSLv3/TLS write certificate
Sent Record
Header:
  Version = TLS 1.2 (0x303)
  Content Type = ApplicationData (23)
  Length = 281
  Inner Content Type = Handshake (22)
    CertificateVerify, Length=260
      Signature Algorithm: rsa_pss_rsae_sha256 (0x0804)
      Signature (len=256): 3253C6D317C56A1A2BA585940F7A360899ACC004F152B40D947806C1FBF95651AA8C313A30C9EE2519CE8783624CC980EB034A64A214CFD157CCEA7896BCAB5FF102FFBA206FEF7021E36E86C5F4ED09F7EAF02383684807972E79D490CEC3E7DD26FFF56BBAFBC3A340190FE83EC65FEB728C7D5CE3B3925D54C3BCD363D604712EC6BD46472B687BC400F9F13955F79164C9823EEE4B101ED7000868576B4E877B57E01DB027CC159A06173F220CDD05F220B3DD735A1919DCF23AC1E99C69B32A403A01D695F74ED379633192A38F0476AF687D760118E6DE4D92398FBE3A1767A2EA58A51D82FAD89D8CA746CECB72B900E18913616B5682B0724136A28F

SSL_accept:TLSv1.3 write server certificate verify
Sent Record
Header:
  Version = TLS 1.2 (0x303)
  Content Type = ApplicationData (23)
  Length = 69
  Inner Content Type = Handshake (22)
    Finished, Length=48
      verify_data (len=48): 353D786E1E87B97C517C0C6360C4410728E34C6C9A7DE361ED2FC71AF1C074EA27A22725DA61FC71328C267094836CB1

SSL_accept:SSLv3/TLS write finished
SSL_accept:TLSv1.3 early data
Received Record
Header:
  Version = TLS 1.2 (0x303)
  Content Type = ApplicationData (23)
  Length = 69
  Inner Content Type = Handshake (22)
SSL_accept:TLSv1.3 early data
    Finished, Length=48
      verify_data (len=48): 6496236FA9101A43448D03360C5BA4736262B46241ED3245A6D7133665272AF05C0DC5F9B63909655D2B4DAB73EE8B95

SSL_accept:SSLv3/TLS read finished
Sent Record
Header:
  Version = TLS 1.2 (0x303)
  Content Type = ApplicationData (23)
  Length = 250
  Inner Content Type = Handshake (22)
    NewSessionTicket, Length=229
        ticket_lifetime_hint=7200
        ticket_age_add=2437650954
        ticket_nonce (len=8): 0000000000000000
        ticket (len=208): 0D04852DAF8CAFCDA7093860CFD5B79755BDD7A77129D7D8EF4D025520DE231856A8CA347F030BBAE183C01A6B789061F21CB1B99ECC93D68D360D6A6695DB2B07BFD43B3B4ABD06F91BDA54A7065A9DC83311A0FC33748ADE29D878D7DD7321FA0D943C80111E49AE38813E740136B8EEAECD119D263864352BCF0704669BE2C11BAC176C70A8AEC2D754C3BE27BF1559DC922C1640A4C31BE94D46D4BFF3159ED64FD3A70D36112F993BF82D71A20D5A1FD114B37C765241666E08379927E70192AD0B7905F1B939EE322FF1377286
        extensions, length = 0

SSL_accept:SSLv3/TLS write session ticket
Sent Record
Header:
  Version = TLS 1.2 (0x303)
  Content Type = ApplicationData (23)
  Length = 250
  Inner Content Type = Handshake (22)
    NewSessionTicket, Length=229
        ticket_lifetime_hint=7200
        ticket_age_add=2725912456
        ticket_nonce (len=8): 0000000000000001
        ticket (len=208): 0D04852DAF8CAFCDA7093860CFD5B797A2EEE6E4A4EF1ECDCCBB16D524F4826C4FE3796F8F563DB257713F95DE48C3B905453A0BB7DF43E1B26C923945D114D2FBD20A592D15CE35E362BAFF5B046EE23E64E12031DB6A9C887A8C946458D1168CE832F4D8E1D7882FA4970A232F330E5535F1AA52E3B55AF85001D177F0C7AB7C298B1B6ACC77CBA17269E070B446F58E6FF656D370C7638DC69871FE860FA7C6467F84B1679D86796137A25489F2A8B988B49A516BF749FB602D571D5072C70A168D50D3D39F2DBE5107C46D4AA1F2
        extensions, length = 0

SSL_accept:SSLv3/TLS write session ticket
-----BEGIN SSL SESSION PARAMETERS-----
MIGLAgEBAgIDBAQCEwIEIOP/ijBu3t+n0HynD/r+IJmf8RreXSbwUfVApFCQ5+fM
BDDIZfvpMBHFxj6hHTc9qKfvRdxjT9AUwg338a/7/A+H7p558lZWZlDXLJJDVyEX
JaShBgIEW1Fep6IEAgIcIKQGBAQBAAAApgsECWxvY2FsaG9zdK4HAgUAonofiA==
-----END SSL SESSION PARAMETERS-----
Shared ciphers:TLS_AES_256_GCM_SHA384:TLS_CHACHA20_POLY1305_SHA256:TLS_AES_128_GCM_SHA256
Signature Algorithms: ECDSA+SHA256:ECDSA+SHA384:ECDSA+SHA512:Ed25519:Ed448:RSA-PSS+SHA256:RSA-PSS+SHA384:RSA-PSS+SHA512:RSA-PSS+SHA256:RSA-PSS+SHA384:RSA-PSS+SHA512:RSA+SHA256:RSA+SHA384:RSA+SHA512
Shared Signature Algorithms: ECDSA+SHA256:ECDSA+SHA384:ECDSA+SHA512:Ed25519:Ed448:RSA-PSS+SHA256:RSA-PSS+SHA384:RSA-PSS+SHA512:RSA-PSS+SHA256:RSA-PSS+SHA384:RSA-PSS+SHA512:RSA+SHA256:RSA+SHA384:RSA+SHA512
Supported Elliptic Groups: X25519:P-256:X448:P-521:P-384
Shared Elliptic groups: X25519:P-256:X448:P-521:P-384
---
No server certificate CA names sent
CIPHER is TLS_AES_256_GCM_SHA384
Secure Renegotiation IS supported